2018-09-13T15:42:26.629Z - normal: Load ~/.CocosCreator/settings.json
2018-09-13T15:42:26.633Z - normal: checking language setting...
2018-09-13T15:42:26.634Z - normal: Language: zh
2018-09-13T15:42:27.271Z - success: protocol editor-framework registered
2018-09-13T15:42:27.272Z - success: protocol app registered
2018-09-13T15:42:27.272Z - success: protocol theme registered
2018-09-13T15:42:27.272Z - success: protocol packages registered
2018-09-13T15:42:27.273Z - success: protocol unpack registerred
2018-09-13T15:42:27.273Z - success: protocol disable-commonjs registerred
2018-09-13T15:42:27.376Z - normal: connected!
2018-09-13T15:42:27.380Z - normal: Check project /Users/liubowen/workspace/creator-space/PandaRunDemo
2018-09-13T15:42:27.384Z - normal: Initializing project /Users/liubowen/workspace/creator-space/PandaRunDemo
2018-09-13T15:42:27.390Z - normal: Initializing Cocos2d
2018-09-13T15:42:28.192Z - normal: Initializing Asset Database
2018-09-13T15:42:28.241Z - success: protocol uuid registerred
2018-09-13T15:42:28.241Z - success: protocol db registerred
2018-09-13T15:42:28.242Z - success: protocol thumbnail registerred
2018-09-13T15:42:28.242Z - normal: Loading editor/builtin packages
2018-09-13T15:42:28.419Z - success: assets loaded
2018-09-13T15:42:28.424Z - success: builder loaded
2018-09-13T15:42:28.426Z - success: cocos-analytics loaded
2018-09-13T15:42:28.432Z - success: console loaded
2018-09-13T15:42:28.478Z - success: fb-instant-games loaded
2018-09-13T15:42:28.485Z - success: hierarchy loaded
2018-09-13T15:42:28.491Z - success: inspector loaded
2018-09-13T15:42:28.493Z - success: keystore loaded
2018-09-13T15:42:28.499Z - success: node-library loaded
2018-09-13T15:42:28.501Z - success: package-asset loaded
2018-09-13T15:42:28.502Z - success: preferences loaded
2018-09-13T15:42:28.506Z - success: project-exporter loaded
2018-09-13T15:42:28.526Z - success: project-importer loaded
2018-09-13T15:42:28.530Z - success: project-settings loaded
2018-09-13T15:42:28.536Z - success: ui-kit loaded
2018-09-13T15:42:28.541Z - success: scene loaded
2018-09-13T15:42:28.543Z - success: sprite-editor loaded
2018-09-13T15:42:28.548Z - success: store loaded
2018-09-13T15:42:28.555Z - success: timeline loaded
2018-09-13T15:42:28.555Z - normal: Loading builtin packages
2018-09-13T15:42:28.561Z - success: asset-db-debugger loaded
2018-09-13T15:42:28.562Z - success: color-picker loaded
2018-09-13T15:42:28.562Z - success: jsb-adapter loaded
2018-09-13T15:42:28.567Z - success: package-manager loaded
2018-09-13T15:42:28.675Z - success: qqplay-adapter loaded
2018-09-13T15:42:28.691Z - success: sdkbox loaded
2018-09-13T15:42:28.697Z - success: tester loaded
2018-09-13T15:42:28.705Z - success: ui-grid loaded
2018-09-13T15:42:28.710Z - success: ui-kit-preview-extra loaded
2018-09-13T15:42:28.714Z - success: ui-kit-preview loaded
2018-09-13T15:42:28.719Z - success: ui-tree loaded
2018-09-13T15:42:28.720Z - success: weapp-adapter loaded
2018-09-13T15:42:29.975Z - normal: Loading packages
2018-09-13T15:42:29.982Z - normal: Watching packages
2018-09-13T15:42:30.071Z - normal: Run Application
2018-09-13T15:42:32.778Z - success: preview server running at http://localhost:7457
